{"level":"info","message":"User service listening on port 3000","timestamp":"2025-07-17T13:48:50.496Z"}
{"level":"info","message":"MongoDB Connected","timestamp":"2025-07-17T13:48:50.512Z"}
{"level":"info","message":"Incomming request","method":"POST","timestamp":"2025-07-17T13:50:20.986Z","url":"/api/users/login"}
{"level":"info","message":"Incomming request","method":"POST","timestamp":"2025-07-17T14:08:55.966Z","url":"/api/users/login"}
{"level":"info","message":"Incomming request","method":"POST","timestamp":"2025-07-17T14:09:05.381Z","url":"/api/users/login"}
{"level":"info","message":"Incomming request","method":"POST","timestamp":"2025-07-17T14:19:19.536Z","url":"/api/users/login"}
{"level":"info","message":"Incomming request","method":"POST","timestamp":"2025-07-17T15:01:11.359Z","url":"/api/users/login"}
{"level":"info","message":"Incomming request","method":"POST","timestamp":"2025-07-17T17:12:37.755Z","url":"/api/users/login"}
{"level":"info","message":"User service listening on port 3000","timestamp":"2025-07-17T17:34:14.621Z"}
{"level":"info","message":"MongoDB Connected","timestamp":"2025-07-17T17:34:14.642Z"}
{"level":"info","message":"Incomming request","method":"GET","timestamp":"2025-07-17T17:34:49.343Z","url":"/metrics"}
{"level":"info","message":"Incomming request","method":"GET","timestamp":"2025-07-17T17:34:49.483Z","url":"/favicon.ico"}
{"level":"info","message":"Incomming request","method":"GET","timestamp":"2025-07-17T17:35:03.754Z","url":"/metrics"}
{"level":"info","message":"Incomming request","method":"GET","timestamp":"2025-07-17T17:35:41.948Z","url":"/metrics"}
{"level":"info","message":"User service listening on port 3000","timestamp":"2025-07-17T17:36:56.721Z"}
{"level":"info","message":"MongoDB Connected","timestamp":"2025-07-17T17:36:56.733Z"}
{"level":"info","message":"Incomming request","method":"GET","timestamp":"2025-07-17T17:48:20.094Z","url":"/metrics"}
{"level":"info","message":"Incomming request","method":"GET","timestamp":"2025-07-17T17:48:35.101Z","url":"/metrics"}
{"level":"info","message":"Incomming request","method":"GET","timestamp":"2025-07-17T17:48:50.092Z","url":"/metrics"}
{"level":"info","message":"Incomming request","method":"GET","timestamp":"2025-07-17T17:49:05.090Z","url":"/metrics"}
{"level":"info","message":"Incomming request","method":"GET","timestamp":"2025-07-17T17:49:20.093Z","url":"/metrics"}
{"level":"info","message":"Incomming request","method":"GET","timestamp":"2025-07-17T17:49:35.092Z","url":"/metrics"}
{"level":"info","message":"Incomming request","method":"GET","timestamp":"2025-07-17T17:49:50.085Z","url":"/metrics"}
{"level":"info","message":"Incomming request","method":"GET","timestamp":"2025-07-17T17:50:05.091Z","url":"/metrics"}
{"level":"info","message":"Incomming request","method":"GET","timestamp":"2025-07-17T17:50:20.085Z","url":"/metrics"}
{"level":"info","message":"Incomming request","method":"GET","timestamp":"2025-07-17T17:50:35.087Z","url":"/metrics"}
{"level":"info","message":"Incomming request","method":"GET","timestamp":"2025-07-17T17:50:50.084Z","url":"/metrics"}
{"level":"info","message":"Incomming request","method":"GET","timestamp":"2025-07-17T17:51:05.081Z","url":"/metrics"}
{"level":"info","message":"Incomming request","method":"GET","timestamp":"2025-07-17T17:51:20.080Z","url":"/metrics"}
{"level":"info","message":"Incomming request","method":"GET","timestamp":"2025-07-17T17:51:35.080Z","url":"/metrics"}
{"level":"info","message":"Incomming request","method":"GET","timestamp":"2025-07-17T17:51:50.088Z","url":"/metrics"}
{"level":"info","message":"Incomming request","method":"GET","timestamp":"2025-07-17T17:52:05.077Z","url":"/metrics"}
{"level":"info","message":"Incomming request","method":"GET","timestamp":"2025-07-17T17:52:20.074Z","url":"/metrics"}
{"level":"info","message":"Incomming request","method":"GET","timestamp":"2025-07-17T17:52:35.074Z","url":"/metrics"}
{"level":"info","message":"Incomming request","method":"GET","timestamp":"2025-07-17T17:52:50.072Z","url":"/metrics"}
{"level":"info","message":"Incomming request","method":"GET","timestamp":"2025-07-17T17:53:05.075Z","url":"/metrics"}
{"level":"info","message":"Incomming request","method":"GET","timestamp":"2025-07-17T17:53:20.070Z","url":"/metrics"}
{"level":"info","message":"Incomming request","method":"GET","timestamp":"2025-07-17T17:53:35.070Z","url":"/metrics"}
{"level":"info","message":"Incomming request","method":"GET","timestamp":"2025-07-17T17:53:50.066Z","url":"/metrics"}
{"level":"info","message":"Incomming request","method":"GET","timestamp":"2025-07-17T17:54:05.068Z","url":"/metrics"}
{"level":"info","message":"Incomming request","method":"GET","timestamp":"2025-07-17T17:54:20.067Z","url":"/metrics"}
{"level":"info","message":"Incomming request","method":"GET","timestamp":"2025-07-17T17:54:35.065Z","url":"/metrics"}
{"level":"info","message":"User service listening on port 3004","timestamp":"2025-07-17T17:54:45.739Z"}
{"level":"info","message":"MongoDB Connected","timestamp":"2025-07-17T17:54:45.752Z"}
{"level":"info","message":"Incomming request","method":"GET","timestamp":"2025-07-17T17:56:30.073Z","url":"/metrics"}
{"level":"info","message":"Incomming request","method":"GET","timestamp":"2025-07-17T17:56:45.066Z","url":"/metrics"}
{"level":"info","message":"Incomming request","method":"GET","timestamp":"2025-07-17T17:57:00.066Z","url":"/metrics"}
{"level":"info","message":"Incomming request","method":"GET","timestamp":"2025-07-17T17:57:15.063Z","url":"/metrics"}
{"level":"info","message":"Incomming request","method":"GET","timestamp":"2025-07-17T17:57:30.063Z","url":"/metrics"}
{"level":"info","message":"Incomming request","method":"GET","timestamp":"2025-07-17T17:57:45.059Z","url":"/metrics"}
{"level":"info","message":"Incomming request","method":"GET","timestamp":"2025-07-17T17:58:00.058Z","url":"/metrics"}
{"level":"info","message":"Incomming request","method":"GET","timestamp":"2025-07-17T17:58:15.059Z","url":"/metrics"}
{"level":"info","message":"Incomming request","method":"GET","timestamp":"2025-07-17T17:58:30.060Z","url":"/metrics"}
{"level":"info","message":"Incomming request","method":"GET","timestamp":"2025-07-17T17:58:45.058Z","url":"/metrics"}
{"level":"info","message":"Incomming request","method":"GET","timestamp":"2025-07-17T17:59:00.055Z","url":"/metrics"}
{"level":"info","message":"Incomming request","method":"GET","timestamp":"2025-07-17T17:59:15.052Z","url":"/metrics"}
{"level":"info","message":"Incomming request","method":"GET","timestamp":"2025-07-17T17:59:30.054Z","url":"/metrics"}
{"level":"info","message":"Incomming request","method":"GET","timestamp":"2025-07-17T17:59:45.053Z","url":"/metrics"}
{"level":"info","message":"Incomming request","method":"GET","timestamp":"2025-07-17T18:00:00.054Z","url":"/metrics"}
{"level":"info","message":"Incomming request","method":"GET","timestamp":"2025-07-17T18:00:15.052Z","url":"/metrics"}
{"level":"info","message":"Incomming request","method":"GET","timestamp":"2025-07-17T18:00:30.050Z","url":"/metrics"}
{"level":"info","message":"Incomming request","method":"GET","timestamp":"2025-07-17T18:00:45.050Z","url":"/metrics"}
{"level":"info","message":"Incomming request","method":"GET","timestamp":"2025-07-17T18:01:00.048Z","url":"/metrics"}
{"level":"info","message":"Incomming request","method":"GET","timestamp":"2025-07-17T18:01:15.045Z","url":"/metrics"}
{"level":"info","message":"Incomming request","method":"GET","timestamp":"2025-07-17T18:01:30.046Z","url":"/metrics"}
{"level":"info","message":"Incomming request","method":"GET","timestamp":"2025-07-17T18:01:45.043Z","url":"/metrics"}
{"level":"info","message":"Incomming request","method":"GET","timestamp":"2025-07-17T18:02:00.043Z","url":"/metrics"}
{"level":"info","message":"Incomming request","method":"GET","timestamp":"2025-07-17T18:02:15.045Z","url":"/metrics"}
{"level":"info","message":"Incomming request","method":"GET","timestamp":"2025-07-17T18:02:30.040Z","url":"/metrics"}
{"level":"info","message":"Incomming request","method":"GET","timestamp":"2025-07-17T18:02:45.053Z","url":"/metrics"}
{"level":"info","message":"Incomming request","method":"GET","timestamp":"2025-07-17T18:03:00.040Z","url":"/metrics"}
{"level":"info","message":"Incomming request","method":"GET","timestamp":"2025-07-17T18:03:15.037Z","url":"/metrics"}
{"level":"info","message":"Incomming request","method":"GET","timestamp":"2025-07-17T18:03:30.037Z","url":"/metrics"}
{"level":"info","message":"Incomming request","method":"GET","timestamp":"2025-07-17T18:03:45.036Z","url":"/metrics"}
{"level":"info","message":"Incomming request","method":"GET","timestamp":"2025-07-17T18:04:00.040Z","url":"/metrics"}
{"level":"info","message":"Incomming request","method":"GET","timestamp":"2025-07-17T18:04:15.038Z","url":"/metrics"}
{"level":"info","message":"Incomming request","method":"GET","timestamp":"2025-07-17T18:04:30.034Z","url":"/metrics"}
{"level":"info","message":"Incomming request","method":"GET","timestamp":"2025-07-17T18:04:45.034Z","url":"/metrics"}
{"level":"info","message":"Incomming request","method":"GET","timestamp":"2025-07-17T18:05:00.032Z","url":"/metrics"}
{"level":"info","message":"Incomming request","method":"GET","timestamp":"2025-07-17T18:05:15.036Z","url":"/metrics"}
{"level":"info","message":"Incomming request","method":"GET","timestamp":"2025-07-17T18:05:30.030Z","url":"/metrics"}
{"level":"info","message":"Incomming request","method":"GET","timestamp":"2025-07-17T18:05:45.029Z","url":"/metrics"}
{"level":"info","message":"Incomming request","method":"GET","timestamp":"2025-07-17T18:06:00.032Z","url":"/metrics"}
{"level":"info","message":"Incomming request","method":"GET","timestamp":"2025-07-17T18:06:15.029Z","url":"/metrics"}
{"level":"info","message":"Incomming request","method":"GET","timestamp":"2025-07-17T18:06:30.026Z","url":"/metrics"}
{"level":"info","message":"Incomming request","method":"GET","timestamp":"2025-07-17T18:06:45.025Z","url":"/metrics"}
{"level":"info","message":"Incomming request","method":"GET","timestamp":"2025-07-17T18:07:00.031Z","url":"/metrics"}
{"level":"info","message":"Incomming request","method":"GET","timestamp":"2025-07-17T18:07:15.028Z","url":"/metrics"}
{"level":"info","message":"Incomming request","method":"GET","timestamp":"2025-07-17T18:07:30.025Z","url":"/metrics"}
{"level":"info","message":"Incomming request","method":"GET","timestamp":"2025-07-17T18:07:45.024Z","url":"/metrics"}
{"level":"info","message":"Incomming request","method":"GET","timestamp":"2025-07-17T18:08:00.026Z","url":"/metrics"}
{"level":"info","message":"Incomming request","method":"GET","timestamp":"2025-07-17T18:08:15.019Z","url":"/metrics"}
{"level":"info","message":"Incomming request","method":"GET","timestamp":"2025-07-17T18:08:30.021Z","url":"/metrics"}
{"level":"info","message":"Incomming request","method":"GET","timestamp":"2025-07-17T18:08:45.018Z","url":"/metrics"}
{"level":"info","message":"Incomming request","method":"GET","timestamp":"2025-07-17T18:09:00.025Z","url":"/metrics"}
{"level":"info","message":"Incomming request","method":"GET","timestamp":"2025-07-17T18:09:15.019Z","url":"/metrics"}
{"level":"info","message":"Incomming request","method":"GET","timestamp":"2025-07-17T18:09:30.015Z","url":"/metrics"}
{"level":"info","message":"Incomming request","method":"GET","timestamp":"2025-07-17T18:09:45.016Z","url":"/metrics"}
{"level":"info","message":"Incomming request","method":"GET","timestamp":"2025-07-17T18:10:00.015Z","url":"/metrics"}
{"level":"info","message":"Incomming request","method":"GET","timestamp":"2025-07-17T18:10:15.010Z","url":"/metrics"}
{"level":"info","message":"Incomming request","method":"GET","timestamp":"2025-07-17T18:10:30.009Z","url":"/metrics"}
{"level":"info","message":"Incomming request","method":"GET","timestamp":"2025-07-17T18:10:45.012Z","url":"/metrics"}
{"level":"info","message":"Incomming request","method":"GET","timestamp":"2025-07-17T18:11:00.014Z","url":"/metrics"}
{"level":"info","message":"Incomming request","method":"GET","timestamp":"2025-07-17T18:11:15.013Z","url":"/metrics"}
{"level":"info","message":"Incomming request","method":"GET","timestamp":"2025-07-17T18:11:30.012Z","url":"/metrics"}
{"level":"info","message":"Incomming request","method":"GET","timestamp":"2025-07-17T18:11:45.010Z","url":"/metrics"}
{"level":"info","message":"Incomming request","method":"GET","timestamp":"2025-07-17T18:12:00.006Z","url":"/metrics"}
{"level":"info","message":"Incomming request","method":"GET","timestamp":"2025-07-17T18:12:15.003Z","url":"/metrics"}
{"level":"info","message":"Incomming request","method":"GET","timestamp":"2025-07-17T18:12:30.005Z","url":"/metrics"}
{"level":"info","message":"Incomming request","method":"GET","timestamp":"2025-07-17T18:12:45.002Z","url":"/metrics"}
{"level":"info","message":"Incomming request","method":"GET","timestamp":"2025-07-17T18:13:00.006Z","url":"/metrics"}
{"level":"info","message":"Incomming request","method":"GET","timestamp":"2025-07-17T18:13:15.007Z","url":"/metrics"}
{"level":"info","message":"Incomming request","method":"GET","timestamp":"2025-07-17T18:13:30.005Z","url":"/metrics"}
{"level":"info","message":"Incomming request","method":"GET","timestamp":"2025-07-17T18:13:45.001Z","url":"/metrics"}
{"level":"info","message":"Incomming request","method":"GET","timestamp":"2025-07-17T18:13:59.998Z","url":"/metrics"}
{"level":"info","message":"Incomming request","method":"GET","timestamp":"2025-07-17T18:14:14.998Z","url":"/metrics"}
{"level":"info","message":"Incomming request","method":"GET","timestamp":"2025-07-17T18:14:29.998Z","url":"/metrics"}
{"level":"info","message":"Incomming request","method":"GET","timestamp":"2025-07-17T18:14:44.997Z","url":"/metrics"}
{"level":"info","message":"Incomming request","method":"GET","timestamp":"2025-07-17T18:14:59.993Z","url":"/metrics"}
{"level":"info","message":"Incomming request","method":"GET","timestamp":"2025-07-17T18:15:14.994Z","url":"/metrics"}
{"level":"info","message":"Incomming request","method":"GET","timestamp":"2025-07-17T18:15:29.992Z","url":"/metrics"}
{"level":"info","message":"Incomming request","method":"GET","timestamp":"2025-07-17T18:15:44.990Z","url":"/metrics"}
{"level":"info","message":"Incomming request","method":"GET","timestamp":"2025-07-17T18:15:59.988Z","url":"/metrics"}
{"level":"info","message":"Incomming request","method":"GET","timestamp":"2025-07-17T18:16:14.989Z","url":"/metrics"}
{"level":"info","message":"Incomming request","method":"GET","timestamp":"2025-07-17T18:16:29.991Z","url":"/metrics"}
{"level":"info","message":"Incomming request","method":"GET","timestamp":"2025-07-17T18:16:44.990Z","url":"/metrics"}
{"level":"info","message":"Incomming request","method":"GET","timestamp":"2025-07-17T18:16:59.988Z","url":"/metrics"}
{"level":"info","message":"Incomming request","method":"GET","timestamp":"2025-07-17T18:17:14.986Z","url":"/metrics"}
{"level":"info","message":"Incomming request","method":"GET","timestamp":"2025-07-17T18:17:29.984Z","url":"/metrics"}
{"level":"info","message":"Incomming request","method":"GET","timestamp":"2025-07-17T18:17:44.985Z","url":"/metrics"}
{"level":"info","message":"Incomming request","method":"GET","timestamp":"2025-07-17T18:17:59.987Z","url":"/metrics"}
{"level":"info","message":"Incomming request","method":"GET","timestamp":"2025-07-17T18:18:14.979Z","url":"/metrics"}
{"level":"info","message":"Incomming request","method":"GET","timestamp":"2025-07-17T18:18:29.984Z","url":"/metrics"}
{"level":"info","message":"Incomming request","method":"GET","timestamp":"2025-07-17T18:18:44.978Z","url":"/metrics"}
{"level":"info","message":"Incomming request","method":"GET","timestamp":"2025-07-17T18:18:59.978Z","url":"/metrics"}
{"level":"info","message":"Incomming request","method":"GET","timestamp":"2025-07-17T18:19:14.976Z","url":"/metrics"}
{"level":"info","message":"Incomming request","method":"GET","timestamp":"2025-07-17T18:19:29.975Z","url":"/metrics"}
{"level":"info","message":"Incomming request","method":"GET","timestamp":"2025-07-17T18:19:44.977Z","url":"/metrics"}
{"level":"info","message":"Incomming request","method":"GET","timestamp":"2025-07-17T18:19:59.974Z","url":"/metrics"}
{"level":"info","message":"Incomming request","method":"GET","timestamp":"2025-07-17T18:20:14.973Z","url":"/metrics"}
{"level":"info","message":"Incomming request","method":"GET","timestamp":"2025-07-17T18:20:29.971Z","url":"/metrics"}
{"level":"info","message":"Incomming request","method":"GET","timestamp":"2025-07-17T18:20:44.973Z","url":"/metrics"}
{"level":"info","message":"Incomming request","method":"GET","timestamp":"2025-07-17T18:20:59.973Z","url":"/metrics"}
{"level":"info","message":"Incomming request","method":"GET","timestamp":"2025-07-17T18:21:14.971Z","url":"/metrics"}
{"level":"info","message":"Incomming request","method":"GET","timestamp":"2025-07-17T18:21:29.970Z","url":"/metrics"}
{"level":"info","message":"Incomming request","method":"GET","timestamp":"2025-07-17T18:21:44.971Z","url":"/metrics"}
{"level":"info","message":"Incomming request","method":"GET","timestamp":"2025-07-17T18:21:59.969Z","url":"/metrics"}
{"level":"info","message":"Incomming request","method":"GET","timestamp":"2025-07-17T18:22:14.965Z","url":"/metrics"}
{"level":"info","message":"Incomming request","method":"GET","timestamp":"2025-07-17T18:22:29.969Z","url":"/metrics"}
{"level":"info","message":"Incomming request","method":"GET","timestamp":"2025-07-17T18:22:44.969Z","url":"/metrics"}
{"level":"info","message":"Incomming request","method":"GET","timestamp":"2025-07-17T18:22:59.964Z","url":"/metrics"}
{"level":"info","message":"Incomming request","method":"GET","timestamp":"2025-07-17T18:23:14.963Z","url":"/metrics"}
{"level":"info","message":"Incomming request","method":"GET","timestamp":"2025-07-17T18:23:29.964Z","url":"/metrics"}
{"level":"info","message":"Incomming request","method":"GET","timestamp":"2025-07-17T18:23:44.961Z","url":"/metrics"}
{"level":"info","message":"Incomming request","method":"GET","timestamp":"2025-07-17T18:23:59.960Z","url":"/metrics"}
{"level":"info","message":"Incomming request","method":"GET","timestamp":"2025-07-17T18:24:14.956Z","url":"/metrics"}
{"level":"info","message":"Incomming request","method":"GET","timestamp":"2025-07-17T18:24:29.962Z","url":"/metrics"}
{"level":"info","message":"Incomming request","method":"GET","timestamp":"2025-07-17T18:24:44.957Z","url":"/metrics"}
{"level":"info","message":"Incomming request","method":"GET","timestamp":"2025-07-17T18:24:59.957Z","url":"/metrics"}
{"level":"info","message":"Incomming request","method":"GET","timestamp":"2025-07-17T18:25:14.952Z","url":"/metrics"}
{"level":"info","message":"Incomming request","method":"GET","timestamp":"2025-07-17T18:25:29.949Z","url":"/metrics"}
{"level":"info","message":"Incomming request","method":"GET","timestamp":"2025-07-17T18:25:44.950Z","url":"/metrics"}
{"level":"info","message":"Incomming request","method":"GET","timestamp":"2025-07-17T18:25:59.948Z","url":"/metrics"}
{"level":"info","message":"Incomming request","method":"GET","timestamp":"2025-07-17T18:26:14.946Z","url":"/metrics"}
{"level":"info","message":"Incomming request","method":"GET","timestamp":"2025-07-17T18:26:29.951Z","url":"/metrics"}
{"level":"info","message":"Incomming request","method":"GET","timestamp":"2025-07-17T18:26:44.947Z","url":"/metrics"}
{"level":"info","message":"Incomming request","method":"GET","timestamp":"2025-07-17T18:26:59.943Z","url":"/metrics"}
{"level":"info","message":"Incomming request","method":"GET","timestamp":"2025-07-17T18:27:14.942Z","url":"/metrics"}
{"level":"info","message":"Incomming request","method":"GET","timestamp":"2025-07-17T18:27:29.940Z","url":"/metrics"}
{"level":"info","message":"Incomming request","method":"GET","timestamp":"2025-07-17T18:27:44.939Z","url":"/metrics"}
{"level":"info","message":"User service listening on port 3004","timestamp":"2025-07-17T18:32:00.090Z"}
{"level":"info","message":"MongoDB Connected","timestamp":"2025-07-17T18:32:00.137Z"}
{"level":"info","message":"Incomming request","method":"GET","span_id":"c02c1ebc7b6d0ed5","timestamp":"2025-07-17T18:32:14.930Z","trace_flags":"01","trace_id":"128ef35399b65fe0dffa48a960051c4c","url":"/metrics"}
{"level":"info","message":"Incomming request","method":"GET","span_id":"727d219bd4c0af8d","timestamp":"2025-07-17T18:32:29.920Z","trace_flags":"01","trace_id":"a43b26056ac0c234cfd5c6023244fb2e","url":"/metrics"}
{"level":"info","message":"User service listening on port 3004","timestamp":"2025-07-17T18:35:30.151Z"}
{"level":"info","message":"MongoDB Connected","timestamp":"2025-07-17T18:35:30.187Z"}
{"level":"info","message":"Incomming request","method":"GET","span_id":"62f59c6b132478eb","timestamp":"2025-07-17T18:35:44.908Z","trace_flags":"01","trace_id":"5d3f5c5991c853bf0d5cdd83d01f6299","url":"/metrics"}
{"level":"info","message":"Incomming request","method":"GET","span_id":"adfe88e11c08d6c3","timestamp":"2025-07-17T18:35:59.906Z","trace_flags":"01","trace_id":"e0ddb0a286c696f4a0e2218d708fcaad","url":"/metrics"}
{"level":"info","message":"Incomming request","method":"GET","span_id":"bbebe2d75c44872e","timestamp":"2025-07-17T18:36:14.902Z","trace_flags":"01","trace_id":"398b23bcb17613a941bad792155993cb","url":"/metrics"}
{"level":"info","message":"Incomming request","method":"GET","span_id":"ffa41b5659311367","timestamp":"2025-07-17T18:36:29.901Z","trace_flags":"01","trace_id":"78bf39bcd18a11e007d2cb5d8005d0ac","url":"/metrics"}
{"level":"info","message":"Incomming request","method":"GET","span_id":"82a77a0a3b7d3273","timestamp":"2025-07-17T18:36:44.901Z","trace_flags":"01","trace_id":"312b54377cba8529e1423d5929424369","url":"/metrics"}
{"level":"info","message":"Incomming request","method":"GET","span_id":"14e423b9fd3ab781","timestamp":"2025-07-17T18:36:59.906Z","trace_flags":"01","trace_id":"fe2f3c2f1eebfe3b77b5b92e6ea6520f","url":"/metrics"}
{"level":"info","message":"Incomming request","method":"GET","span_id":"f2d9abd74bda99af","timestamp":"2025-07-17T18:37:14.898Z","trace_flags":"01","trace_id":"2d956529664fac00683f4647f6f815f1","url":"/metrics"}
{"level":"info","message":"Incomming request","method":"GET","span_id":"afa97662a86877e2","timestamp":"2025-07-17T18:37:29.897Z","trace_flags":"01","trace_id":"262d0c432545c956358e2c6d98546111","url":"/metrics"}
{"level":"info","message":"Incomming request","method":"GET","span_id":"d9dd1ee8d9067731","timestamp":"2025-07-17T18:37:44.895Z","trace_flags":"01","trace_id":"5c912ab8a0eb044a367ed194c16b78af","url":"/metrics"}
{"level":"info","message":"Incomming request","method":"GET","span_id":"b7363a80caf27b79","timestamp":"2025-07-17T18:37:59.898Z","trace_flags":"01","trace_id":"478dd074a48b1253f610e22aeadde970","url":"/metrics"}
{"level":"info","message":"Incomming request","method":"GET","span_id":"352e58535ac54d0a","timestamp":"2025-07-17T18:38:14.899Z","trace_flags":"01","trace_id":"f7122b31fb2d94addfd309a7615a6a8b","url":"/metrics"}
{"level":"info","message":"Incomming request","method":"GET","span_id":"cc9f38e40a3ced4f","timestamp":"2025-07-17T18:38:29.894Z","trace_flags":"01","trace_id":"cdc93816909092ae18e9308b21dc5753","url":"/metrics"}
{"level":"info","message":"Incomming request","method":"GET","span_id":"4ebe66efa43da196","timestamp":"2025-07-17T18:38:44.894Z","trace_flags":"01","trace_id":"c2697851d9441f7eb8c7f547ae527b9f","url":"/metrics"}
{"level":"info","message":"Incomming request","method":"GET","span_id":"175f5a0304f02f7b","timestamp":"2025-07-17T18:38:59.891Z","trace_flags":"01","trace_id":"81c6df24721261eebc89349e9333f0bb","url":"/metrics"}
{"level":"info","message":"Incomming request","method":"GET","span_id":"c6292bd3c1c85b29","timestamp":"2025-07-17T18:39:14.891Z","trace_flags":"01","trace_id":"185ee43fff3d044d9184cced0f1698c3","url":"/metrics"}
{"level":"info","message":"Incomming request","method":"GET","span_id":"401d0bc6b93c1e8e","timestamp":"2025-07-17T18:39:29.889Z","trace_flags":"01","trace_id":"78cfc1037e13057f189f763cfef8a530","url":"/metrics"}
{"level":"info","message":"Incomming request","method":"GET","span_id":"b41360a473e11a72","timestamp":"2025-07-17T18:39:44.887Z","trace_flags":"01","trace_id":"95464ca55fadab722f7441cb165860cd","url":"/metrics"}
{"level":"info","message":"Incomming request","method":"GET","span_id":"ff1ae58ca11e3090","timestamp":"2025-07-17T18:39:59.887Z","trace_flags":"01","trace_id":"3af4e8c94bd9f3a07f14921ca3bc8f2e","url":"/metrics"}
{"level":"info","message":"Incomming request","method":"GET","span_id":"ccaaf42069c5cc0d","timestamp":"2025-07-17T18:40:14.885Z","trace_flags":"01","trace_id":"c3c6b4cd575e99fa5ea3859496e65f3e","url":"/metrics"}
{"level":"info","message":"Incomming request","method":"GET","span_id":"6816bb4075ad8916","timestamp":"2025-07-17T18:40:29.885Z","trace_flags":"01","trace_id":"e9757fe9a8ac2c680719308d7cf375a6","url":"/metrics"}
{"level":"info","message":"Incomming request","method":"GET","span_id":"c9fc9b64468827e7","timestamp":"2025-07-17T18:40:44.882Z","trace_flags":"01","trace_id":"604005dec7190dc3971fd860157cd88a","url":"/metrics"}
{"level":"info","message":"Incomming request","method":"POST","span_id":"42fa4b812f78a8f1","timestamp":"2025-07-17T18:40:53.186Z","trace_flags":"01","trace_id":"4bce344c2da0e492438eec4b6041101c","url":"/api/users/login"}
{"level":"info","message":"Incomming request","method":"GET","span_id":"fe57ae78837b7ec7","timestamp":"2025-07-17T18:40:59.886Z","trace_flags":"01","trace_id":"8b0a29ec04cab2194e0ba983c666e519","url":"/metrics"}
{"level":"info","message":"Incomming request","method":"GET","span_id":"1c2f5d28e6657478","timestamp":"2025-07-17T18:41:14.879Z","trace_flags":"01","trace_id":"79b35d0744bc87b69315755c71cf214c","url":"/metrics"}
{"level":"info","message":"Incomming request","method":"GET","span_id":"e30ad003ac0c6a7d","timestamp":"2025-07-17T18:41:29.878Z","trace_flags":"01","trace_id":"497b020c67b14105b1afa53e4f875733","url":"/metrics"}
{"level":"info","message":"Incomming request","method":"GET","span_id":"f3c50c1bd97130ca","timestamp":"2025-07-17T18:41:44.878Z","trace_flags":"01","trace_id":"f5d002e5d89e8439ea76718ea4882d2c","url":"/metrics"}
{"level":"info","message":"Incomming request","method":"GET","span_id":"f8ae636c559eee13","timestamp":"2025-07-17T18:41:59.878Z","trace_flags":"01","trace_id":"9d05ec60c914e403c8fc1d3901a0f800","url":"/metrics"}
{"level":"info","message":"Incomming request","method":"GET","span_id":"208305d35a2cdaf6","timestamp":"2025-07-17T18:42:14.875Z","trace_flags":"01","trace_id":"80d293f46573277fa1e28088134635af","url":"/metrics"}
{"level":"info","message":"Incomming request","method":"GET","span_id":"987a0055e7a3fcd9","timestamp":"2025-07-17T18:42:29.877Z","trace_flags":"01","trace_id":"7061ca1f28450f7f91f6ed931eea114e","url":"/metrics"}
{"level":"info","message":"Incomming request","method":"GET","span_id":"758287f5359e24bd","timestamp":"2025-07-17T18:42:44.878Z","trace_flags":"01","trace_id":"579d2e2ff4f1552d6b45e190423b3dbb","url":"/metrics"}
{"level":"info","message":"Incomming request","method":"GET","span_id":"cb8203c5296cd341","timestamp":"2025-07-17T18:42:59.876Z","trace_flags":"01","trace_id":"495ee75717d2b0ef6ed12260c251e176","url":"/metrics"}
{"level":"info","message":"Incomming request","method":"GET","span_id":"2ca165000864a1cd","timestamp":"2025-07-17T18:43:14.872Z","trace_flags":"01","trace_id":"8af20b5c466f5b89a280d2dc0d28b7d3","url":"/metrics"}
{"level":"info","message":"Incomming request","method":"GET","span_id":"e5fffa94399a47a2","timestamp":"2025-07-17T18:43:29.877Z","trace_flags":"01","trace_id":"09d6efab6d7524baef77231771b689e7","url":"/metrics"}
{"level":"info","message":"Incomming request","method":"GET","span_id":"d359429b4f1f55db","timestamp":"2025-07-17T18:43:44.869Z","trace_flags":"01","trace_id":"07740736baebd1e544ff47f2e811aa2c","url":"/metrics"}
{"level":"info","message":"Incomming request","method":"GET","span_id":"c59de6d24043badb","timestamp":"2025-07-17T18:43:59.871Z","trace_flags":"01","trace_id":"562fa9a79d5ced16691d3544006f3fe8","url":"/metrics"}
{"level":"info","message":"Incomming request","method":"GET","span_id":"d878156250b9df11","timestamp":"2025-07-17T18:44:14.867Z","trace_flags":"01","trace_id":"e69a06dca64b2a201d1a26bbbe425a0a","url":"/metrics"}
{"level":"info","message":"Incomming request","method":"GET","span_id":"b22c30adf138978c","timestamp":"2025-07-17T18:44:29.866Z","trace_flags":"01","trace_id":"1ad92ab36c54410fce550571c016fac4","url":"/metrics"}
{"level":"info","message":"Incomming request","method":"GET","span_id":"706a74fc5bfabdd7","timestamp":"2025-07-17T18:44:44.866Z","trace_flags":"01","trace_id":"ff7ed1a995178263de72116839815ce5","url":"/metrics"}
{"level":"info","message":"Incomming request","method":"GET","span_id":"b8f7d6be0903c110","timestamp":"2025-07-17T18:44:59.864Z","trace_flags":"01","trace_id":"561681cf43cf6a398d568531e81d204d","url":"/metrics"}
{"level":"info","message":"Incomming request","method":"GET","span_id":"e3bd870d4639c09b","timestamp":"2025-07-17T18:45:14.863Z","trace_flags":"01","trace_id":"cb738eddfd5734e03e8b6411890a2095","url":"/metrics"}
{"level":"info","message":"Incomming request","method":"GET","span_id":"8868d67f3788ea6d","timestamp":"2025-07-17T18:45:29.862Z","trace_flags":"01","trace_id":"92c8105a45a3a9c1d58e1a0595f8480b","url":"/metrics"}
{"level":"info","message":"Incomming request","method":"GET","span_id":"275084cea455e62d","timestamp":"2025-07-17T18:45:44.860Z","trace_flags":"01","trace_id":"f64dc8eaf32b9b424b465c9c4c393fe8","url":"/metrics"}
{"level":"info","message":"Incomming request","method":"GET","span_id":"4bd318992e5c7e53","timestamp":"2025-07-17T18:45:59.864Z","trace_flags":"01","trace_id":"00ac38ca736898bb0899ccf69d85a1cc","url":"/metrics"}
{"level":"info","message":"Incomming request","method":"GET","span_id":"a524aa601b123247","timestamp":"2025-07-17T18:46:14.859Z","trace_flags":"01","trace_id":"61a6e7bf9cc0dfcc70b9f31b19c31beb","url":"/metrics"}
{"level":"info","message":"Incomming request","method":"GET","span_id":"f8e41923c2f3ac47","timestamp":"2025-07-17T18:46:29.858Z","trace_flags":"01","trace_id":"8b4911626c082a4b1355a3e818f998cf","url":"/metrics"}
{"level":"info","message":"Incomming request","method":"GET","span_id":"cac4b58252522f00","timestamp":"2025-07-17T18:46:44.857Z","trace_flags":"01","trace_id":"b2050455a21d16840aa69a352231fd15","url":"/metrics"}
{"level":"info","message":"Incomming request","method":"GET","span_id":"be06f12dd0f3f899","timestamp":"2025-07-17T18:46:59.858Z","trace_flags":"01","trace_id":"b6a787b031e8f4af255277fd49fcdf6c","url":"/metrics"}
{"level":"info","message":"Incomming request","method":"GET","span_id":"cd77ed438d4ba413","timestamp":"2025-07-17T18:47:14.865Z","trace_flags":"01","trace_id":"f3fde16739661e8f4a005f01eaf89933","url":"/metrics"}
{"level":"info","message":"Incomming request","method":"GET","span_id":"cd157cdb8e6e9953","timestamp":"2025-07-17T18:47:29.856Z","trace_flags":"01","trace_id":"e1301744dd5667641f96a6474fe2331a","url":"/metrics"}
{"level":"info","message":"Incomming request","method":"GET","span_id":"c5037d2a4d76eb8f","timestamp":"2025-07-17T18:47:44.853Z","trace_flags":"01","trace_id":"a87c4c4081177ac8868a7b5fe063e5cf","url":"/metrics"}
{"level":"info","message":"Incomming request","method":"GET","span_id":"30cf58ac987ce291","timestamp":"2025-07-17T18:47:59.855Z","trace_flags":"01","trace_id":"8c62604930ae804980bef278fb303696","url":"/metrics"}
{"level":"info","message":"Incomming request","method":"GET","span_id":"3532aa9d87ae2093","timestamp":"2025-07-17T18:48:14.852Z","trace_flags":"01","trace_id":"300387058aef107aed029aaf008a10ce","url":"/metrics"}
{"level":"info","message":"Incomming request","method":"GET","span_id":"b37eaebddc48e0df","timestamp":"2025-07-17T18:48:29.852Z","trace_flags":"01","trace_id":"e3f84319036c807962e66f04682f9a13","url":"/metrics"}
{"level":"info","message":"Incomming request","method":"GET","span_id":"7a0e00e1ee1559f8","timestamp":"2025-07-17T18:48:44.850Z","trace_flags":"01","trace_id":"272489669eddb6af7aca89866d54bb12","url":"/metrics"}
{"level":"info","message":"Incomming request","method":"GET","span_id":"4ea162b2f4d1dbae","timestamp":"2025-07-17T18:48:59.857Z","trace_flags":"01","trace_id":"28a451259960a68a9bcad65489d73b16","url":"/metrics"}
{"level":"info","message":"Incomming request","method":"GET","span_id":"9a3a6b1079c924d4","timestamp":"2025-07-17T18:49:14.852Z","trace_flags":"01","trace_id":"fc6da03fcbe0109c2587b424db1f0c6a","url":"/metrics"}
{"level":"info","message":"Incomming request","method":"GET","span_id":"6798ab3224f91f30","timestamp":"2025-07-17T18:49:29.850Z","trace_flags":"01","trace_id":"16f0d2ab95c6894f00268706cf3cfab5","url":"/metrics"}
{"level":"info","message":"Incomming request","method":"GET","span_id":"61c5255d855e4e57","timestamp":"2025-07-17T18:49:44.845Z","trace_flags":"01","trace_id":"99bc5772d5e4ac8e2be000cfa0eee6bd","url":"/metrics"}
{"level":"info","message":"Incomming request","method":"GET","span_id":"d8eb20a7f964a302","timestamp":"2025-07-17T18:49:59.845Z","trace_flags":"01","trace_id":"07c60a4c9267d0d96a27adff84d7c8f9","url":"/metrics"}
{"level":"info","message":"Incomming request","method":"GET","span_id":"90b9c8fce15165ea","timestamp":"2025-07-17T18:50:14.844Z","trace_flags":"01","trace_id":"33fffa848b8084b26a1025a450009163","url":"/metrics"}
{"level":"info","message":"Incomming request","method":"GET","span_id":"20f68a355dc0185a","timestamp":"2025-07-17T18:50:29.844Z","trace_flags":"01","trace_id":"b17ecf98f1e80c3ab74d99ef17cbb8a2","url":"/metrics"}
{"level":"info","message":"Incomming request","method":"GET","span_id":"c24c30c5f5ed0e40","timestamp":"2025-07-17T18:50:44.843Z","trace_flags":"01","trace_id":"ff883390f4acf3fd68fd76c779ba5fcb","url":"/metrics"}
{"level":"info","message":"Incomming request","method":"GET","span_id":"e57c61e8cb1336af","timestamp":"2025-07-17T18:50:59.839Z","trace_flags":"01","trace_id":"7515f0b6cd1050e620179730d270f67e","url":"/metrics"}
{"level":"info","message":"Incomming request","method":"GET","span_id":"b312b882127c16e6","timestamp":"2025-07-17T18:51:14.838Z","trace_flags":"01","trace_id":"6410c18ad44933442ca0d93955abe15a","url":"/metrics"}
{"level":"info","message":"Incomming request","method":"GET","span_id":"3d93408902943ed5","timestamp":"2025-07-17T18:51:29.840Z","trace_flags":"01","trace_id":"65ddbeb5f57b87242235156591fcf08d","url":"/metrics"}
{"level":"info","message":"Incomming request","method":"GET","span_id":"4fb345f8caea1229","timestamp":"2025-07-17T18:51:44.840Z","trace_flags":"01","trace_id":"2da47551792bc73c50dfde0885125559","url":"/metrics"}
{"level":"info","message":"Incomming request","method":"GET","span_id":"cff1903439e770e6","timestamp":"2025-07-17T18:51:59.839Z","trace_flags":"01","trace_id":"4ee2a171815c95ecc2bd5c1a0dddfe9c","url":"/metrics"}
{"level":"info","message":"Incomming request","method":"GET","span_id":"f832ae6e9ea20cd6","timestamp":"2025-07-17T18:52:14.836Z","trace_flags":"01","trace_id":"60c0280c78b2fd0d01769032daff9b46","url":"/metrics"}
{"level":"info","message":"Incomming request","method":"GET","span_id":"746bc6d0e2d36422","timestamp":"2025-07-17T18:52:29.835Z","trace_flags":"01","trace_id":"88b0243c3cc4b0ad68eab9b936ba00c5","url":"/metrics"}
{"level":"info","message":"Incomming request","method":"GET","span_id":"207854fc44c4e0a4","timestamp":"2025-07-17T18:52:44.834Z","trace_flags":"01","trace_id":"2840e2997d5b6e23d77c7f04c64808d8","url":"/metrics"}
{"level":"info","message":"Incomming request","method":"GET","span_id":"2a1af67689a070cb","timestamp":"2025-07-17T18:52:59.833Z","trace_flags":"01","trace_id":"fa9078b22d3ddebce080c26e05fe8f90","url":"/metrics"}
{"level":"info","message":"Incomming request","method":"GET","span_id":"a7654484f64ce0a9","timestamp":"2025-07-17T18:53:14.834Z","trace_flags":"01","trace_id":"0ebab0bf736ee717ddb15540225ffb19","url":"/metrics"}
{"level":"info","message":"Incomming request","method":"GET","span_id":"5fe2a54013b63adc","timestamp":"2025-07-17T18:53:29.833Z","trace_flags":"01","trace_id":"3a1ebcec52fda0f61bc2b4e631756af0","url":"/metrics"}
{"level":"info","message":"Incomming request","method":"GET","span_id":"78c670a4bf7ff5ed","timestamp":"2025-07-17T18:53:44.831Z","trace_flags":"01","trace_id":"c3650609256670b2abda3a9b1f199f23","url":"/metrics"}
{"level":"info","message":"Incomming request","method":"GET","span_id":"dae196dc3c862ff2","timestamp":"2025-07-17T18:53:59.831Z","trace_flags":"01","trace_id":"bd1026b605468d0908596b606c75ecc2","url":"/metrics"}
{"level":"info","message":"Incomming request","method":"GET","span_id":"e7adf307f6bd6afa","timestamp":"2025-07-17T18:54:14.827Z","trace_flags":"01","trace_id":"3e63985e4eb82d0cd13471432c043567","url":"/metrics"}
{"level":"info","message":"Incomming request","method":"GET","span_id":"50398b5ab013ab98","timestamp":"2025-07-17T18:54:29.829Z","trace_flags":"01","trace_id":"6942c112fc99aa4b477d4ba5823fd073","url":"/metrics"}
{"level":"info","message":"Incomming request","method":"GET","span_id":"a0ff50cb30328225","timestamp":"2025-07-17T18:54:44.825Z","trace_flags":"01","trace_id":"5ff8119e116a2cfd8ee0578047805db0","url":"/metrics"}
{"level":"info","message":"Incomming request","method":"GET","span_id":"3cd565eb2b0474a0","timestamp":"2025-07-17T18:54:59.827Z","trace_flags":"01","trace_id":"2b9d84780b270817c7ea969713dbfa16","url":"/metrics"}
{"level":"info","message":"Incomming request","method":"GET","span_id":"386dc5d879d80ca4","timestamp":"2025-07-17T18:55:14.823Z","trace_flags":"01","trace_id":"b61563efd69628327878fe312e1f2101","url":"/metrics"}
{"level":"info","message":"Incomming request","method":"GET","span_id":"b68fb7c1d8fea680","timestamp":"2025-07-17T18:55:29.827Z","trace_flags":"01","trace_id":"23fede9bc42f7e7e96e2b0e244eede2c","url":"/metrics"}
{"level":"info","message":"Incomming request","method":"GET","span_id":"e9a1b0773ad7312f","timestamp":"2025-07-17T18:55:44.822Z","trace_flags":"01","trace_id":"21c50be517f6ae199b70695a247a8b51","url":"/metrics"}
{"level":"info","message":"User service listening on port 3004","timestamp":"2025-07-18T12:59:45.209Z"}
{"level":"info","message":"MongoDB Connected","timestamp":"2025-07-18T12:59:45.246Z"}
{"level":"info","message":"User service listening on port 3001","timestamp":"2025-07-18T13:00:26.023Z"}
{"level":"info","message":"MongoDB Connected","timestamp":"2025-07-18T13:00:26.066Z"}
{"level":"info","message":"Incomming request","method":"POST","span_id":"f36356d3c3a63e59","timestamp":"2025-07-18T13:11:18.622Z","trace_flags":"01","trace_id":"d22bbbc59e135f1f5be9882f92b42aae","url":"/api/users/login"}
{"level":"info","message":"Incomming request","method":"POST","span_id":"9c5ac1a4ce53c193","timestamp":"2025-07-18T13:43:34.923Z","trace_flags":"01","trace_id":"7cdaa05dd2c488c0a336be1a013d2ae1","url":"/api/users/login"}
{"level":"info","message":"Incomming request","method":"POST","span_id":"1fb5f1fa8b7f33c4","timestamp":"2025-07-18T14:17:36.093Z","trace_flags":"01","trace_id":"8cd57c300464a807d7b60ebe4347ad21","url":"/api/users/login"}
{"level":"info","message":"Incomming request","method":"POST","span_id":"b77c4de8918f60e5","timestamp":"2025-07-18T14:17:46.039Z","trace_flags":"01","trace_id":"41d835e41b0d5696093e10a7792fc6d6","url":"/api/users/login"}
{"level":"info","message":"Incomming request","method":"POST","span_id":"b676548932c12a20","timestamp":"2025-07-18T14:20:27.069Z","trace_flags":"01","trace_id":"9380bc2e7afe6fb7677acd1c6718eaf5","url":"/api/users/login"}
{"level":"info","message":"Incomming request","method":"POST","span_id":"bf5050417e7cc0fa","timestamp":"2025-07-18T14:20:27.770Z","trace_flags":"01","trace_id":"fe83cc7fc5e3a48a4c58c8eee1b68ed0","url":"/api/users/login"}
{"level":"info","message":"Incomming request","method":"POST","span_id":"ae7744a57466879e","timestamp":"2025-07-18T14:20:28.405Z","trace_flags":"01","trace_id":"154ab79eb90cf1b098c2ee69f0121ba3","url":"/api/users/login"}
{"level":"info","message":"Incomming request","method":"POST","span_id":"e578eb27d41db5f0","timestamp":"2025-07-18T14:20:29.189Z","trace_flags":"01","trace_id":"c14973e00d290e30275ab5d68a5c2140","url":"/api/users/login"}
{"level":"info","message":"Incomming request","method":"POST","span_id":"d128137b7259c08e","timestamp":"2025-07-18T15:10:05.929Z","trace_flags":"01","trace_id":"b1f2a825dd596a3d36148eb53b3791a0","url":"/api/users/login"}
